<?xml version="1.0" encoding="UTF-8"?>
<!-- Generated by org.testng.reporters.JUnitReportReporter -->
<testsuite hostname="LAPTOP-2E0GG82C" failures="0" tests="1" name="com.qa.testLayer.TestCases" time="38.846" errors="0" timestamp="2022-08-10T15:29:43 IST" skipped="0">
  <testcase classname="com.qa.testLayer.TestCases" name="verifyHomePage" time="38.846"/>
  <system-out/>
</testsuite> <!-- com.qa.testLayer.TestCases -->
